<?xml version="1.0" encoding="UTF-8"?>
<!-- Generated by org.testng.reporters.JUnitXMLReporter -->
<testsuite ignored="0" hostname="DESKTOP-Q55A1M4" failures="0" tests="6" name="Default test" time="3.991" errors="0" timestamp="2024-06-24T08:39:29 EET">
  <testcase classname="SwagLabWeb.myTestcases" name="Sighnin" time="1.061"/>
  <testcase classname="SwagLabWeb.myTestcases" name="addRandom" time="0.174"/>
  <testcase classname="SwagLabWeb.myTestcases" name="addRandom" time="0.098"/>
  <testcase classname="SwagLabWeb.myTestcases" name="assurance" time="0.055"/>
  <testcase classname="SwagLabWeb.myTestcases" name="checkOut" time="0.829"/>
  <testcase classname="SwagLabWeb.myTestcases" name="logout" time="0.395"/>
</testsuite> <!-- Default test -->
