<?xml version="1.0" encoding="UTF-8"?>
<testng-results ignored="0" total="6" passed="6" failed="0" skipped="0">
  <reporter-output>
  </reporter-output>
  <suite started-at="2024-06-24T08:39:25 EET" name="Default suite" finished-at="2024-06-24T08:39:29 EET" duration-ms="3991">
    <groups>
    </groups>
    <test started-at="2024-06-24T08:39:25 EET" name="Default test" finished-at="2024-06-24T08:39:29 EET" duration-ms="3991">
      <class name="SwagLabWeb.myTestcases">
        <test-method is-config="true" signature="mySetup()[pri:0, instance:SwagLabWeb.myTestcases@2dbe250d]" started-at="2024-06-24T08:39:25 EET" name="mySetup" finished-at="2024-06-24T08:39:27 EET" duration-ms="1229" status="PASS">
          <reporter-output>
          </reporter-output>
        </test-method> <!-- mySetup -->
        <test-method signature="Sighnin()[pri:1, instance:SwagLabWeb.myTestcases@2dbe250d]" started-at="2024-06-24T08:39:27 EET" name="Sighnin" finished-at="2024-06-24T08:39:28 EET" duration-ms="1061" status="PASS">
          <reporter-output>
          </reporter-output>
        </test-method> <!-- Sighnin -->
        <test-method signature="addRandom()[pri:2, instance:SwagLabWeb.myTestcases@2dbe250d]" started-at="2024-06-24T08:39:28 EET" name="addRandom" finished-at="2024-06-24T08:39:28 EET" duration-ms="174" status="PASS">
          <reporter-output>
          </reporter-output>
        </test-method> <!-- addRandom -->
        <test-method signature="addRandom()[pri:2, instance:SwagLabWeb.myTestcases@2dbe250d]" started-at="2024-06-24T08:39:28 EET" name="addRandom" finished-at="2024-06-24T08:39:28 EET" duration-ms="98" status="PASS">
          <reporter-output>
          </reporter-output>
        </test-method> <!-- addRandom -->
        <test-method signature="assurance()[pri:3, instance:SwagLabWeb.myTestcases@2dbe250d]" started-at="2024-06-24T08:39:28 EET" name="assurance" finished-at="2024-06-24T08:39:28 EET" duration-ms="55" status="PASS">
          <reporter-output>
          </reporter-output>
        </test-method> <!-- assurance -->
        <test-method signature="checkOut()[pri:4, instance:SwagLabWeb.myTestcases@2dbe250d]" started-at="2024-06-24T08:39:28 EET" name="checkOut" finished-at="2024-06-24T08:39:29 EET" duration-ms="829" status="PASS">
          <reporter-output>
          </reporter-output>
        </test-method> <!-- checkOut -->
        <test-method signature="logout()[pri:5, instance:SwagLabWeb.myTestcases@2dbe250d]" started-at="2024-06-24T08:39:29 EET" name="logout" finished-at="2024-06-24T08:39:29 EET" duration-ms="395" status="PASS">
          <reporter-output>
          </reporter-output>
        </test-method> <!-- logout -->
      </class> <!-- SwagLabWeb.myTestcases -->
    </test> <!-- Default test -->
  </suite> <!-- Default suite -->
</testng-results>
